2020-07-23 20:25:38,953 WARN  [SoapUI] Missing folder [C:\Users\Anoop\Desktop\SDET\Project-work\my-app\ext] for external libraries
2020-07-23 20:25:39,159 INFO  [DefaultSoapUICore] initialized soapui-settings from [C:\Users\Anoop\soapui-settings.xml]
2020-07-23 20:25:40,917 INFO  [PluginManager] Adding plugin from [C:\Users\Anoop\.soapuios\plugins\ready-mqtt-plugin-dist.jar]
2020-07-23 20:25:40,918 INFO  [PluginManager] Adding plugin from [C:\Users\Anoop\.soapuios\plugins\soapui-swagger-plugin-2.2-dist.jar]
2020-07-23 20:25:41,899 ERROR [SoapUI] An error occurred [com.eviware.soapui.plugins.auto.factories.AutoImportMethodFactory], see error log for details
2020-07-23 20:25:41,901 ERROR [errorlog] java.lang.ClassNotFoundException: com.eviware.soapui.plugins.auto.factories.AutoImportMethodFactory
java.lang.ClassNotFoundException: com.eviware.soapui.plugins.auto.factories.AutoImportMethodFactory
	at org.codehaus.plexus.classworlds.strategy.SelfFirstStrategy.loadClass(SelfFirstStrategy.java:50)
	at org.codehaus.plexus.classworlds.realm.ClassRealm.unsynchronizedLoadClass(ClassRealm.java:271)
	at org.codehaus.plexus.classworlds.realm.ClassRealm.loadClass(ClassRealm.java:247)
	at org.codehaus.plexus.classworlds.realm.ClassRealm.loadClass(ClassRealm.java:239)
	at java.lang.Class.forName0(Native Method)
	at java.lang.Class.forName(Class.java:264)
	at com.eviware.soapui.plugins.LoaderBase.loadAutoFactories(LoaderBase.java:113)
	at com.eviware.soapui.plugins.LoaderBase.loadFactories(LoaderBase.java:80)
	at com.eviware.soapui.plugins.PluginLoader.loadPluginFactories(PluginLoader.java:141)
	at com.eviware.soapui.plugins.PluginLoader.loadPlugin(PluginLoader.java:104)
	at com.eviware.soapui.plugins.PluginLoader.loadPlugin(PluginLoader.java:54)
	at com.eviware.soapui.plugins.PluginManager.doInstallPlugin(PluginManager.java:141)
	at com.eviware.soapui.plugins.PluginManager.access$600(PluginManager.java:43)
	at com.eviware.soapui.plugins.PluginManager$LoadPluginsTask.computeSequentially(PluginManager.java:420)
	at com.eviware.soapui.plugins.PluginManager$LoadPluginsTask.compute(PluginManager.java:377)
	at com.eviware.soapui.plugins.PluginManager$LoadPluginsTask.compute(PluginManager.java:382)
	at com.eviware.soapui.plugins.PluginManager$LoadPluginsTask.compute(PluginManager.java:365)
	at java.util.concurrent.RecursiveTask.exec(RecursiveTask.java:94)
	at java.util.concurrent.ForkJoinTask.doExec(ForkJoinTask.java:289)
	at java.util.concurrent.ForkJoinPool$WorkQueue.runTask(ForkJoinPool.java:1056)
	at java.util.concurrent.ForkJoinPool.runWorker(ForkJoinPool.java:1692)
	at java.util.concurrent.ForkJoinWorkerThread.run(ForkJoinWorkerThread.java:157)
2020-07-23 20:25:42,062 ERROR [SoapUI] An error occurred [com.eviware.soapui.plugins.auto.factories.AutoDiscoveryMethodFactory], see error log for details
2020-07-23 20:25:42,064 ERROR [errorlog] java.lang.ClassNotFoundException: com.eviware.soapui.plugins.auto.factories.AutoDiscoveryMethodFactory
java.lang.ClassNotFoundException: com.eviware.soapui.plugins.auto.factories.AutoDiscoveryMethodFactory
	at org.codehaus.plexus.classworlds.strategy.SelfFirstStrategy.loadClass(SelfFirstStrategy.java:50)
	at org.codehaus.plexus.classworlds.realm.ClassRealm.unsynchronizedLoadClass(ClassRealm.java:271)
	at org.codehaus.plexus.classworlds.realm.ClassRealm.loadClass(ClassRealm.java:247)
	at org.codehaus.plexus.classworlds.realm.ClassRealm.loadClass(ClassRealm.java:239)
	at java.lang.Class.forName0(Native Method)
	at java.lang.Class.forName(Class.java:264)
	at com.eviware.soapui.plugins.LoaderBase.loadAutoFactories(LoaderBase.java:113)
	at com.eviware.soapui.plugins.LoaderBase.loadFactories(LoaderBase.java:80)
	at com.eviware.soapui.plugins.PluginLoader.loadPluginFactories(PluginLoader.java:141)
	at com.eviware.soapui.plugins.PluginLoader.loadPlugin(PluginLoader.java:104)
	at com.eviware.soapui.plugins.PluginLoader.loadPlugin(PluginLoader.java:54)
	at com.eviware.soapui.plugins.PluginManager.doInstallPlugin(PluginManager.java:141)
	at com.eviware.soapui.plugins.PluginManager.access$600(PluginManager.java:43)
	at com.eviware.soapui.plugins.PluginManager$LoadPluginsTask.computeSequentially(PluginManager.java:420)
	at com.eviware.soapui.plugins.PluginManager$LoadPluginsTask.compute(PluginManager.java:377)
	at com.eviware.soapui.plugins.PluginManager$LoadPluginsTask.compute(PluginManager.java:382)
	at com.eviware.soapui.plugins.PluginManager$LoadPluginsTask.compute(PluginManager.java:365)
	at java.util.concurrent.RecursiveTask.exec(RecursiveTask.java:94)
	at java.util.concurrent.ForkJoinTask.doExec(ForkJoinTask.java:289)
	at java.util.concurrent.ForkJoinPool$WorkQueue.runTask(ForkJoinPool.java:1056)
	at java.util.concurrent.ForkJoinPool.runWorker(ForkJoinPool.java:1692)
	at java.util.concurrent.ForkJoinWorkerThread.run(ForkJoinWorkerThread.java:157)
2020-07-23 20:25:42,097 ERROR [SoapUI] An error occurred [com.eviware.soapui.plugins.auto.factories.AutoImportMethodFactory], see error log for details
2020-07-23 20:25:42,098 ERROR [errorlog] java.lang.ClassNotFoundException: com.eviware.soapui.plugins.auto.factories.AutoImportMethodFactory
java.lang.ClassNotFoundException: com.eviware.soapui.plugins.auto.factories.AutoImportMethodFactory
	at org.codehaus.plexus.classworlds.strategy.SelfFirstStrategy.loadClass(SelfFirstStrategy.java:50)
	at org.codehaus.plexus.classworlds.realm.ClassRealm.unsynchronizedLoadClass(ClassRealm.java:271)
	at org.codehaus.plexus.classworlds.realm.ClassRealm.loadClass(ClassRealm.java:247)
	at org.codehaus.plexus.classworlds.realm.ClassRealm.loadClass(ClassRealm.java:239)
	at java.lang.Class.forName0(Native Method)
	at java.lang.Class.forName(Class.java:264)
	at com.eviware.soapui.plugins.LoaderBase.loadAutoFactories(LoaderBase.java:113)
	at com.eviware.soapui.plugins.LoaderBase.loadFactories(LoaderBase.java:80)
	at com.eviware.soapui.plugins.PluginLoader.loadPluginFactories(PluginLoader.java:141)
	at com.eviware.soapui.plugins.PluginLoader.loadPlugin(PluginLoader.java:104)
	at com.eviware.soapui.plugins.PluginLoader.loadPlugin(PluginLoader.java:54)
	at com.eviware.soapui.plugins.PluginManager.doInstallPlugin(PluginManager.java:141)
	at com.eviware.soapui.plugins.PluginManager.access$600(PluginManager.java:43)
	at com.eviware.soapui.plugins.PluginManager$LoadPluginsTask.computeSequentially(PluginManager.java:420)
	at com.eviware.soapui.plugins.PluginManager$LoadPluginsTask.compute(PluginManager.java:377)
	at com.eviware.soapui.plugins.PluginManager$LoadPluginsTask.compute(PluginManager.java:365)
	at java.util.concurrent.RecursiveTask.exec(RecursiveTask.java:94)
	at java.util.concurrent.ForkJoinTask.doExec(ForkJoinTask.java:289)
	at java.util.concurrent.ForkJoinPool$WorkQueue.runTask(ForkJoinPool.java:1056)
	at java.util.concurrent.ForkJoinPool.runWorker(ForkJoinPool.java:1692)
	at java.util.concurrent.ForkJoinWorkerThread.run(ForkJoinWorkerThread.java:157)
2020-07-23 20:25:42,166 INFO  [PluginManager] Adding plugin from [C:\Users\Anoop\.soapuios\plugins\ready-uxm-plugin-1.0.1-dist.jar]
2020-07-23 20:25:42,247 ERROR [SoapUI] An error occurred [com.eviware.soapui.plugins.auto.factories.AutoDiscoveryMethodFactory], see error log for details
2020-07-23 20:25:42,248 ERROR [errorlog] java.lang.ClassNotFoundException: com.eviware.soapui.plugins.auto.factories.AutoDiscoveryMethodFactory
java.lang.ClassNotFoundException: com.eviware.soapui.plugins.auto.factories.AutoDiscoveryMethodFactory
	at org.codehaus.plexus.classworlds.strategy.SelfFirstStrategy.loadClass(SelfFirstStrategy.java:50)
	at org.codehaus.plexus.classworlds.realm.ClassRealm.unsynchronizedLoadClass(ClassRealm.java:271)
	at org.codehaus.plexus.classworlds.realm.ClassRealm.loadClass(ClassRealm.java:247)
	at org.codehaus.plexus.classworlds.realm.ClassRealm.loadClass(ClassRealm.java:239)
	at java.lang.Class.forName0(Native Method)
	at java.lang.Class.forName(Class.java:264)
	at com.eviware.soapui.plugins.LoaderBase.loadAutoFactories(LoaderBase.java:113)
	at com.eviware.soapui.plugins.LoaderBase.loadFactories(LoaderBase.java:80)
	at com.eviware.soapui.plugins.PluginLoader.loadPluginFactories(PluginLoader.java:141)
	at com.eviware.soapui.plugins.PluginLoader.loadPlugin(PluginLoader.java:104)
	at com.eviware.soapui.plugins.PluginLoader.loadPlugin(PluginLoader.java:54)
	at com.eviware.soapui.plugins.PluginManager.doInstallPlugin(PluginManager.java:141)
	at com.eviware.soapui.plugins.PluginManager.access$600(PluginManager.java:43)
	at com.eviware.soapui.plugins.PluginManager$LoadPluginsTask.computeSequentially(PluginManager.java:420)
	at com.eviware.soapui.plugins.PluginManager$LoadPluginsTask.compute(PluginManager.java:377)
	at com.eviware.soapui.plugins.PluginManager$LoadPluginsTask.compute(PluginManager.java:365)
	at java.util.concurrent.RecursiveTask.exec(RecursiveTask.java:94)
	at java.util.concurrent.ForkJoinTask.doExec(ForkJoinTask.java:289)
	at java.util.concurrent.ForkJoinPool$WorkQueue.runTask(ForkJoinPool.java:1056)
	at java.util.concurrent.ForkJoinPool.runWorker(ForkJoinPool.java:1692)
	at java.util.concurrent.ForkJoinWorkerThread.run(ForkJoinWorkerThread.java:157)
2020-07-23 20:25:42,413 INFO  [PluginManager] Adding plugin from [C:\Users\Anoop\.soapuios\plugins\readyapi-postman-1.0.1.jar]
2020-07-23 20:25:43,176 ERROR [SoapUI] An error occurred [com.eviware.soapui.plugins.auto.factories.AutoImportMethodFactory], see error log for details
2020-07-23 20:25:43,177 ERROR [errorlog] java.lang.ClassNotFoundException: com.eviware.soapui.plugins.auto.factories.AutoImportMethodFactory
java.lang.ClassNotFoundException: com.eviware.soapui.plugins.auto.factories.AutoImportMethodFactory
	at org.codehaus.plexus.classworlds.strategy.SelfFirstStrategy.loadClass(SelfFirstStrategy.java:50)
	at org.codehaus.plexus.classworlds.realm.ClassRealm.unsynchronizedLoadClass(ClassRealm.java:271)
	at org.codehaus.plexus.classworlds.realm.ClassRealm.loadClass(ClassRealm.java:247)
	at org.codehaus.plexus.classworlds.realm.ClassRealm.loadClass(ClassRealm.java:239)
	at java.lang.Class.forName0(Native Method)
	at java.lang.Class.forName(Class.java:264)
	at com.eviware.soapui.plugins.LoaderBase.loadAutoFactories(LoaderBase.java:113)
	at com.eviware.soapui.plugins.LoaderBase.loadFactories(LoaderBase.java:80)
	at com.eviware.soapui.plugins.PluginLoader.loadPluginFactories(PluginLoader.java:141)
	at com.eviware.soapui.plugins.PluginLoader.loadPlugin(PluginLoader.java:104)
	at com.eviware.soapui.plugins.PluginLoader.loadPlugin(PluginLoader.java:54)
	at com.eviware.soapui.plugins.PluginManager.doInstallPlugin(PluginManager.java:141)
	at com.eviware.soapui.plugins.PluginManager.access$600(PluginManager.java:43)
	at com.eviware.soapui.plugins.PluginManager$LoadPluginsTask.computeSequentially(PluginManager.java:420)
	at com.eviware.soapui.plugins.PluginManager$LoadPluginsTask.compute(PluginManager.java:377)
	at com.eviware.soapui.plugins.PluginManager$LoadPluginsTask.compute(PluginManager.java:365)
	at java.util.concurrent.RecursiveTask.exec(RecursiveTask.java:94)
	at java.util.concurrent.ForkJoinTask.doExec(ForkJoinTask.java:289)
	at java.util.concurrent.ForkJoinPool$WorkQueue.runTask(ForkJoinPool.java:1056)
	at java.util.concurrent.ForkJoinPool.runWorker(ForkJoinPool.java:1692)
	at java.util.concurrent.ForkJoinWorkerThread.run(ForkJoinWorkerThread.java:157)
2020-07-23 20:25:43,270 ERROR [SoapUI] An error occurred [com.eviware.soapui.plugins.auto.factories.AutoDiscoveryMethodFactory], see error log for details
2020-07-23 20:25:43,274 ERROR [errorlog] java.lang.ClassNotFoundException: com.eviware.soapui.plugins.auto.factories.AutoDiscoveryMethodFactory
java.lang.ClassNotFoundException: com.eviware.soapui.plugins.auto.factories.AutoDiscoveryMethodFactory
	at org.codehaus.plexus.classworlds.strategy.SelfFirstStrategy.loadClass(SelfFirstStrategy.java:50)
	at org.codehaus.plexus.classworlds.realm.ClassRealm.unsynchronizedLoadClass(ClassRealm.java:271)
	at org.codehaus.plexus.classworlds.realm.ClassRealm.loadClass(ClassRealm.java:247)
	at org.codehaus.plexus.classworlds.realm.ClassRealm.loadClass(ClassRealm.java:239)
	at java.lang.Class.forName0(Native Method)
	at java.lang.Class.forName(Class.java:264)
	at com.eviware.soapui.plugins.LoaderBase.loadAutoFactories(LoaderBase.java:113)
	at com.eviware.soapui.plugins.LoaderBase.loadFactories(LoaderBase.java:80)
	at com.eviware.soapui.plugins.PluginLoader.loadPluginFactories(PluginLoader.java:141)
	at com.eviware.soapui.plugins.PluginLoader.loadPlugin(PluginLoader.java:104)
	at com.eviware.soapui.plugins.PluginLoader.loadPlugin(PluginLoader.java:54)
	at com.eviware.soapui.plugins.PluginManager.doInstallPlugin(PluginManager.java:141)
	at com.eviware.soapui.plugins.PluginManager.access$600(PluginManager.java:43)
	at com.eviware.soapui.plugins.PluginManager$LoadPluginsTask.computeSequentially(PluginManager.java:420)
	at com.eviware.soapui.plugins.PluginManager$LoadPluginsTask.compute(PluginManager.java:377)
	at com.eviware.soapui.plugins.PluginManager$LoadPluginsTask.compute(PluginManager.java:365)
	at java.util.concurrent.RecursiveTask.exec(RecursiveTask.java:94)
	at java.util.concurrent.ForkJoinTask.doExec(ForkJoinTask.java:289)
	at java.util.concurrent.ForkJoinPool$WorkQueue.runTask(ForkJoinPool.java:1056)
	at java.util.concurrent.ForkJoinPool.runWorker(ForkJoinPool.java:1692)
	at java.util.concurrent.ForkJoinWorkerThread.run(ForkJoinWorkerThread.java:157)
2020-07-23 20:25:43,307 ERROR [SoapUI] An error occurred [com.eviware.soapui.plugins.auto.factories.AutoImportMethodFactory], see error log for details
2020-07-23 20:25:43,309 ERROR [errorlog] java.lang.ClassNotFoundException: com.eviware.soapui.plugins.auto.factories.AutoImportMethodFactory
java.lang.ClassNotFoundException: com.eviware.soapui.plugins.auto.factories.AutoImportMethodFactory
	at org.codehaus.plexus.classworlds.strategy.SelfFirstStrategy.loadClass(SelfFirstStrategy.java:50)
	at org.codehaus.plexus.classworlds.realm.ClassRealm.unsynchronizedLoadClass(ClassRealm.java:271)
	at org.codehaus.plexus.classworlds.realm.ClassRealm.loadClass(ClassRealm.java:247)
	at org.codehaus.plexus.classworlds.realm.ClassRealm.loadClass(ClassRealm.java:239)
	at java.lang.Class.forName0(Native Method)
	at java.lang.Class.forName(Class.java:264)
	at com.eviware.soapui.plugins.LoaderBase.loadAutoFactories(LoaderBase.java:113)
	at com.eviware.soapui.plugins.LoaderBase.loadFactories(LoaderBase.java:80)
	at com.eviware.soapui.plugins.PluginLoader.loadPluginFactories(PluginLoader.java:141)
	at com.eviware.soapui.plugins.PluginLoader.loadPlugin(PluginLoader.java:104)
	at com.eviware.soapui.plugins.PluginLoader.loadPlugin(PluginLoader.java:54)
	at com.eviware.soapui.plugins.PluginManager.doInstallPlugin(PluginManager.java:141)
	at com.eviware.soapui.plugins.PluginManager.access$600(PluginManager.java:43)
	at com.eviware.soapui.plugins.PluginManager$LoadPluginsTask.computeSequentially(PluginManager.java:420)
	at com.eviware.soapui.plugins.PluginManager$LoadPluginsTask.compute(PluginManager.java:377)
	at com.eviware.soapui.plugins.PluginManager$LoadPluginsTask.compute(PluginManager.java:382)
	at com.eviware.soapui.plugins.PluginManager$LoadPluginsTask.compute(PluginManager.java:365)
	at java.util.concurrent.RecursiveTask.exec(RecursiveTask.java:94)
	at java.util.concurrent.ForkJoinTask.doExec(ForkJoinTask.java:289)
	at java.util.concurrent.ForkJoinPool$WorkQueue.runTask(ForkJoinPool.java:1056)
	at java.util.concurrent.ForkJoinPool.runWorker(ForkJoinPool.java:1692)
	at java.util.concurrent.ForkJoinWorkerThread.run(ForkJoinWorkerThread.java:157)
2020-07-23 20:25:43,442 ERROR [SoapUI] An error occurred [com.eviware.soapui.plugins.auto.factories.AutoDiscoveryMethodFactory], see error log for details
2020-07-23 20:25:43,445 ERROR [errorlog] java.lang.ClassNotFoundException: com.eviware.soapui.plugins.auto.factories.AutoDiscoveryMethodFactory
java.lang.ClassNotFoundException: com.eviware.soapui.plugins.auto.factories.AutoDiscoveryMethodFactory
	at org.codehaus.plexus.classworlds.strategy.SelfFirstStrategy.loadClass(SelfFirstStrategy.java:50)
	at org.codehaus.plexus.classworlds.realm.ClassRealm.unsynchronizedLoadClass(ClassRealm.java:271)
	at org.codehaus.plexus.classworlds.realm.ClassRealm.loadClass(ClassRealm.java:247)
	at org.codehaus.plexus.classworlds.realm.ClassRealm.loadClass(ClassRealm.java:239)
	at java.lang.Class.forName0(Native Method)
	at java.lang.Class.forName(Class.java:264)
	at com.eviware.soapui.plugins.LoaderBase.loadAutoFactories(LoaderBase.java:113)
	at com.eviware.soapui.plugins.LoaderBase.loadFactories(LoaderBase.java:80)
	at com.eviware.soapui.plugins.PluginLoader.loadPluginFactories(PluginLoader.java:141)
	at com.eviware.soapui.plugins.PluginLoader.loadPlugin(PluginLoader.java:104)
	at com.eviware.soapui.plugins.PluginLoader.loadPlugin(PluginLoader.java:54)
	at com.eviware.soapui.plugins.PluginManager.doInstallPlugin(PluginManager.java:141)
	at com.eviware.soapui.plugins.PluginManager.access$600(PluginManager.java:43)
	at com.eviware.soapui.plugins.PluginManager$LoadPluginsTask.computeSequentially(PluginManager.java:420)
	at com.eviware.soapui.plugins.PluginManager$LoadPluginsTask.compute(PluginManager.java:377)
	at com.eviware.soapui.plugins.PluginManager$LoadPluginsTask.compute(PluginManager.java:382)
	at com.eviware.soapui.plugins.PluginManager$LoadPluginsTask.compute(PluginManager.java:365)
	at java.util.concurrent.RecursiveTask.exec(RecursiveTask.java:94)
	at java.util.concurrent.ForkJoinTask.doExec(ForkJoinTask.java:289)
	at java.util.concurrent.ForkJoinPool$WorkQueue.runTask(ForkJoinPool.java:1056)
	at java.util.concurrent.ForkJoinPool.runWorker(ForkJoinPool.java:1692)
	at java.util.concurrent.ForkJoinWorkerThread.run(ForkJoinWorkerThread.java:157)
2020-07-23 20:25:43,539 INFO  [PluginManager] Adding plugin from [C:\Users\Anoop\.soapuios\plugins\readyapi-swaggerhub-plugin-1.0.jar]
2020-07-23 20:25:44,114 ERROR [SoapUI] An error occurred [com.eviware.soapui.plugins.auto.factories.AutoImportMethodFactory], see error log for details
2020-07-23 20:25:44,115 ERROR [errorlog] java.lang.ClassNotFoundException: com.eviware.soapui.plugins.auto.factories.AutoImportMethodFactory
java.lang.ClassNotFoundException: com.eviware.soapui.plugins.auto.factories.AutoImportMethodFactory
	at org.codehaus.plexus.classworlds.strategy.SelfFirstStrategy.loadClass(SelfFirstStrategy.java:50)
	at org.codehaus.plexus.classworlds.realm.ClassRealm.unsynchronizedLoadClass(ClassRealm.java:271)
	at org.codehaus.plexus.classworlds.realm.ClassRealm.loadClass(ClassRealm.java:247)
	at org.codehaus.plexus.classworlds.realm.ClassRealm.loadClass(ClassRealm.java:239)
	at java.lang.Class.forName0(Native Method)
	at java.lang.Class.forName(Class.java:264)
	at com.eviware.soapui.plugins.LoaderBase.loadAutoFactories(LoaderBase.java:113)
	at com.eviware.soapui.plugins.LoaderBase.loadFactories(LoaderBase.java:80)
	at com.eviware.soapui.plugins.PluginLoader.loadPluginFactories(PluginLoader.java:141)
	at com.eviware.soapui.plugins.PluginLoader.loadPlugin(PluginLoader.java:104)
	at com.eviware.soapui.plugins.PluginLoader.loadPlugin(PluginLoader.java:54)
	at com.eviware.soapui.plugins.PluginManager.doInstallPlugin(PluginManager.java:141)
	at com.eviware.soapui.plugins.PluginManager.access$600(PluginManager.java:43)
	at com.eviware.soapui.plugins.PluginManager$LoadPluginsTask.computeSequentially(PluginManager.java:420)
	at com.eviware.soapui.plugins.PluginManager$LoadPluginsTask.compute(PluginManager.java:377)
	at com.eviware.soapui.plugins.PluginManager$LoadPluginsTask.compute(PluginManager.java:382)
	at com.eviware.soapui.plugins.PluginManager$LoadPluginsTask.compute(PluginManager.java:365)
	at java.util.concurrent.RecursiveTask.exec(RecursiveTask.java:94)
	at java.util.concurrent.ForkJoinTask.doExec(ForkJoinTask.java:289)
	at java.util.concurrent.ForkJoinPool$WorkQueue.runTask(ForkJoinPool.java:1056)
	at java.util.concurrent.ForkJoinPool.runWorker(ForkJoinPool.java:1692)
	at java.util.concurrent.ForkJoinWorkerThread.run(ForkJoinWorkerThread.java:157)
2020-07-23 20:25:44,199 ERROR [SoapUI] An error occurred [com.eviware.soapui.plugins.auto.factories.AutoDiscoveryMethodFactory], see error log for details
2020-07-23 20:25:44,201 ERROR [errorlog] java.lang.ClassNotFoundException: com.eviware.soapui.plugins.auto.factories.AutoDiscoveryMethodFactory
java.lang.ClassNotFoundException: com.eviware.soapui.plugins.auto.factories.AutoDiscoveryMethodFactory
	at org.codehaus.plexus.classworlds.strategy.SelfFirstStrategy.loadClass(SelfFirstStrategy.java:50)
	at org.codehaus.plexus.classworlds.realm.ClassRealm.unsynchronizedLoadClass(ClassRealm.java:271)
	at org.codehaus.plexus.classworlds.realm.ClassRealm.loadClass(ClassRealm.java:247)
	at org.codehaus.plexus.classworlds.realm.ClassRealm.loadClass(ClassRealm.java:239)
	at java.lang.Class.forName0(Native Method)
	at java.lang.Class.forName(Class.java:264)
	at com.eviware.soapui.plugins.LoaderBase.loadAutoFactories(LoaderBase.java:113)
	at com.eviware.soapui.plugins.LoaderBase.loadFactories(LoaderBase.java:80)
	at com.eviware.soapui.plugins.PluginLoader.loadPluginFactories(PluginLoader.java:141)
	at com.eviware.soapui.plugins.PluginLoader.loadPlugin(PluginLoader.java:104)
	at com.eviware.soapui.plugins.PluginLoader.loadPlugin(PluginLoader.java:54)
	at com.eviware.soapui.plugins.PluginManager.doInstallPlugin(PluginManager.java:141)
	at com.eviware.soapui.plugins.PluginManager.access$600(PluginManager.java:43)
	at com.eviware.soapui.plugins.PluginManager$LoadPluginsTask.computeSequentially(PluginManager.java:420)
	at com.eviware.soapui.plugins.PluginManager$LoadPluginsTask.compute(PluginManager.java:377)
	at com.eviware.soapui.plugins.PluginManager$LoadPluginsTask.compute(PluginManager.java:382)
	at com.eviware.soapui.plugins.PluginManager$LoadPluginsTask.compute(PluginManager.java:365)
	at java.util.concurrent.RecursiveTask.exec(RecursiveTask.java:94)
	at java.util.concurrent.ForkJoinTask.doExec(ForkJoinTask.java:289)
	at java.util.concurrent.ForkJoinPool$WorkQueue.runTask(ForkJoinPool.java:1056)
	at java.util.concurrent.ForkJoinPool.runWorker(ForkJoinPool.java:1692)
	at java.util.concurrent.ForkJoinWorkerThread.run(ForkJoinWorkerThread.java:157)
2020-07-23 20:25:44,289 INFO  [PluginManager] 5 plugins loaded in 3374 ms
2020-07-23 20:25:44,290 INFO  [DefaultSoapUICore] All plugins loaded
2020-07-23 20:25:45,252 INFO  [WsdlProject] Loaded project from [file:/C:/Users/Anoop/Desktop/SDET/Project-work/my-app/SDET-API-Project-soapui-project.xml]
2020-07-23 20:25:45,258 INFO  [SoapUITestCaseRunner] Running SoapUI tests in project [SDET API Project]
2020-07-23 20:25:45,259 INFO  [SoapUITestCaseRunner] Running Project [SDET API Project], runType = SEQUENTIAL
2020-07-23 20:25:45,270 INFO  [SoapUITestCaseRunner] Running SoapUI testcase [Add Customer and delete using property expansion]
2020-07-23 20:25:45,285 INFO  [SoapUITestCaseRunner] running step [Add Customer]
2020-07-23 20:25:46,850 INFO  [SoapUITestCaseRunner] Assertion [SOAP Response] has status VALID
2020-07-23 20:25:46,850 INFO  [SoapUITestCaseRunner] Assertion [XPath Match email] has status VALID
2020-07-23 20:25:46,852 INFO  [SoapUITestCaseRunner] Assertion [XPath Match name] has status VALID
2020-07-23 20:25:46,857 INFO  [SoapUITestCaseRunner] Assertion [Contains] has status VALID
2020-07-23 20:25:46,858 INFO  [SoapUITestCaseRunner] running step [Property Transfer]
2020-07-23 20:25:46,878 INFO  [SoapUITestCaseRunner] running step [Properties]
2020-07-23 20:25:46,881 INFO  [SoapUITestCaseRunner] running step [Delete Customer]
2020-07-23 20:25:47,877 INFO  [SoapUITestCaseRunner] Assertion [SOAP Response] has status VALID
2020-07-23 20:25:47,877 INFO  [SoapUITestCaseRunner] Assertion [XPath Match] has status VALID
2020-07-23 20:25:47,883 INFO  [SoapUITestCaseRunner] Finished running SoapUI testcase [Add Customer and delete using property expansion], time taken: 2573ms, status: FINISHED
2020-07-23 20:25:47,887 INFO  [SoapUITestCaseRunner] Running SoapUI testcase [Get Customer List by propery transfer]
2020-07-23 20:25:47,888 INFO  [SoapUITestCaseRunner] running step [Get Customer list]
2020-07-23 20:25:54,055 INFO  [SoapUITestCaseRunner] Assertion [SOAP Response] has status VALID
2020-07-23 20:25:54,056 INFO  [SoapUITestCaseRunner] Assertion [Contains] has status VALID
2020-07-23 20:25:54,061 INFO  [SoapUITestCaseRunner] Assertion [Contains totalCount] has status VALID
2020-07-23 20:25:54,062 INFO  [SoapUITestCaseRunner] running step [Properties]
2020-07-23 20:25:54,064 INFO  [SoapUITestCaseRunner] running step [Property Transfer]
2020-07-23 20:25:54,196 INFO  [SoapUITestCaseRunner] Finished running SoapUI testcase [Get Customer List by propery transfer], time taken: 6298ms, status: FINISHED
2020-07-23 20:25:54,199 INFO  [SoapUITestCaseRunner] Running SoapUI testcase [Get Customer by id using script]
2020-07-23 20:25:54,199 INFO  [SoapUITestCaseRunner] running step [Groovy Script]
2020-07-23 20:26:00,089 INFO  [SoapUITestCaseRunner] running step [Get Customer list]
2020-07-23 20:26:04,791 INFO  [SoapUITestCaseRunner] Assertion [SOAP Response] has status VALID
2020-07-23 20:26:04,791 INFO  [SoapUITestCaseRunner] Assertion [Contains] has status VALID
2020-07-23 20:26:04,791 INFO  [SoapUITestCaseRunner] Assertion [Contains totalCount] has status VALID
2020-07-23 20:26:04,791 INFO  [SoapUITestCaseRunner] running step [Properties]
2020-07-23 20:26:04,791 INFO  [SoapUITestCaseRunner] running step [GetCustomerById]
2020-07-23 20:26:05,456 INFO  [SoapUITestCaseRunner] Assertion [SOAP Response] has status VALID
2020-07-23 20:26:05,456 INFO  [SoapUITestCaseRunner] Assertion [XPath Match] has status VALID
2020-07-23 20:26:05,457 INFO  [SoapUITestCaseRunner] Finished running SoapUI testcase [Get Customer by id using script], time taken: 11250ms, status: FINISHED
2020-07-23 20:26:05,460 INFO  [SoapUITestCaseRunner] Running SoapUI testcase [Delete Customer using conditional goto]
2020-07-23 20:26:05,460 INFO  [SoapUITestCaseRunner] running step [Add Customer]
2020-07-23 20:26:06,226 INFO  [SoapUITestCaseRunner] Assertion [SOAP Response] has status VALID
2020-07-23 20:26:06,226 INFO  [SoapUITestCaseRunner] Assertion [XPath Match email] has status VALID
2020-07-23 20:26:06,227 INFO  [SoapUITestCaseRunner] Assertion [XPath Match name] has status VALID
2020-07-23 20:26:06,231 INFO  [SoapUITestCaseRunner] Assertion [Contains] has status VALID
2020-07-23 20:26:06,236 INFO  [SoapUITestCaseRunner] running step [Properties]
2020-07-23 20:26:06,241 INFO  [SoapUITestCaseRunner] running step [Property Transfer]
2020-07-23 20:26:06,249 INFO  [SoapUITestCaseRunner] running step [Groovy Script]
2020-07-23 20:26:06,286 INFO  [log] Anoop
2020-07-23 20:26:06,288 INFO  [log] Proceed to Delete
2020-07-23 20:26:06,289 INFO  [SoapUITestCaseRunner] running step [Delete Customer]
2020-07-23 20:26:07,248 INFO  [SoapUITestCaseRunner] Assertion [SOAP Response] has status VALID
2020-07-23 20:26:07,249 INFO  [SoapUITestCaseRunner] Assertion [XPath Match] has status VALID
2020-07-23 20:26:07,250 INFO  [SoapUITestCaseRunner] running step [End]
2020-07-23 20:26:07,262 INFO  [log] Script execution done
2020-07-23 20:26:07,263 INFO  [SoapUITestCaseRunner] Finished running SoapUI testcase [Delete Customer using conditional goto], time taken: 1765ms, status: FINISHED
2020-07-23 20:26:07,266 INFO  [SoapUITestCaseRunner] Running SoapUI testcase [End to End Testing with properties]
2020-07-23 20:26:07,269 INFO  [SoapUITestCaseRunner] running step [Properties]
2020-07-23 20:26:07,271 INFO  [SoapUITestCaseRunner] running step [Add Customer]
2020-07-23 20:26:08,060 INFO  [SoapUITestCaseRunner] Assertion [SOAP Response] has status VALID
2020-07-23 20:26:08,061 INFO  [SoapUITestCaseRunner] Assertion [XPath Match email] has status VALID
2020-07-23 20:26:08,062 INFO  [SoapUITestCaseRunner] Assertion [XPath Match name] has status VALID
2020-07-23 20:26:08,066 INFO  [SoapUITestCaseRunner] Assertion [Contains] has status VALID
2020-07-23 20:26:08,070 INFO  [SoapUITestCaseRunner] running step [Get customer id]
2020-07-23 20:26:08,096 INFO  [SoapUITestCaseRunner] running step [Get Customer list]
2020-07-23 20:26:13,207 INFO  [SoapUITestCaseRunner] Assertion [SOAP Response] has status VALID
2020-07-23 20:26:13,208 INFO  [SoapUITestCaseRunner] Assertion [Contains] has status VALID
2020-07-23 20:26:13,214 INFO  [SoapUITestCaseRunner] Assertion [Contains totalCount] has status VALID
2020-07-23 20:26:13,215 INFO  [SoapUITestCaseRunner] Assertion [XPath Match] has status VALID
2020-07-23 20:26:13,216 INFO  [SoapUITestCaseRunner] running step [GetCustomerById]
2020-07-23 20:26:13,872 INFO  [SoapUITestCaseRunner] Assertion [SOAP Response] has status VALID
2020-07-23 20:26:26,513 INFO  [SoapUITestCaseRunner] Assertion [XPath Match] has status VALID
2020-07-23 20:26:26,513 INFO  [SoapUITestCaseRunner] Assertion [XPath Match firstname] has status VALID
2020-07-23 20:26:26,515 INFO  [SoapUITestCaseRunner] running step [Delete Customer]
2020-07-23 20:26:27,712 INFO  [SoapUITestCaseRunner] Assertion [SOAP Response] has status VALID
2020-07-23 20:26:27,712 INFO  [SoapUITestCaseRunner] Assertion [XPath Match] has status VALID
2020-07-23 20:26:27,713 INFO  [SoapUITestCaseRunner] Finished running SoapUI testcase [End to End Testing with properties], time taken: 7773ms, status: FINISHED
2020-07-23 20:26:27,716 INFO  [SoapUITestCaseRunner] Running SoapUI testcase [End to End Testing - Data Driven]
2020-07-23 20:26:27,717 INFO  [SoapUITestCaseRunner] running step [Get Data from excel]
2020-07-23 20:26:28,028 INFO  [log] No of rows = 5
2020-07-23 20:26:28,029 INFO  [log] No of columns = 2
2020-07-23 20:26:28,034 INFO  [log] firstname
2020-07-23 20:26:28,037 INFO  [log] Anoop
2020-07-23 20:26:28,037 INFO  [log] lastname
2020-07-23 20:26:28,037 INFO  [log] P
2020-07-23 20:26:28,038 INFO  [log] email
2020-07-23 20:26:28,038 INFO  [log] anoop@test.com
2020-07-23 20:26:28,039 INFO  [log] authorization
2020-07-23 20:26:28,040 INFO  [log] bearer f0rf13pxtxp7mftwc23rq6e52yvmi5um
2020-07-23 20:26:28,040 INFO  [SoapUITestCaseRunner] running step [Properties]
2020-07-23 20:26:28,041 INFO  [SoapUITestCaseRunner] running step [Add Customer]
2020-07-23 20:26:28,868 INFO  [SoapUITestCaseRunner] Assertion [SOAP Response] has status VALID
2020-07-23 20:26:28,868 INFO  [SoapUITestCaseRunner] Assertion [XPath Match email] has status VALID
2020-07-23 20:26:28,869 INFO  [SoapUITestCaseRunner] Assertion [XPath Match name] has status VALID
2020-07-23 20:26:28,870 INFO  [SoapUITestCaseRunner] Assertion [Contains] has status VALID
2020-07-23 20:26:28,871 INFO  [SoapUITestCaseRunner] running step [Get customer id]
2020-07-23 20:26:28,893 INFO  [SoapUITestCaseRunner] running step [Get Customer list]
2020-07-23 20:26:34,596 INFO  [SoapUITestCaseRunner] Assertion [SOAP Response] has status VALID
2020-07-23 20:26:34,597 INFO  [SoapUITestCaseRunner] Assertion [Contains] has status VALID
2020-07-23 20:26:34,598 INFO  [SoapUITestCaseRunner] Assertion [Contains totalCount] has status VALID
2020-07-23 20:26:34,603 INFO  [SoapUITestCaseRunner] Assertion [XPath Match] has status VALID
2020-07-23 20:26:34,603 INFO  [SoapUITestCaseRunner] running step [GetCustomerById]
2020-07-23 20:26:35,325 INFO  [SoapUITestCaseRunner] Assertion [SOAP Response] has status VALID
2020-07-23 20:26:35,327 INFO  [SoapUITestCaseRunner] Assertion [XPath Match] has status VALID
2020-07-23 20:26:35,331 INFO  [SoapUITestCaseRunner] Assertion [XPath Match firstname] has status VALID
2020-07-23 20:26:35,332 INFO  [SoapUITestCaseRunner] running step [Delete Customer]
2020-07-23 20:26:36,457 INFO  [SoapUITestCaseRunner] Assertion [SOAP Response] has status VALID
2020-07-23 20:26:36,458 INFO  [SoapUITestCaseRunner] Assertion [XPath Match] has status VALID
2020-07-23 20:26:36,464 INFO  [SoapUITestCaseRunner] Finished running SoapUI testcase [End to End Testing - Data Driven], time taken: 8712ms, status: FINISHED
2020-07-23 20:26:36,470 INFO  [SoapUITestCaseRunner] Running SoapUI testcase [End to End Testing - Data Driven with multiple test cases]
2020-07-23 20:26:36,470 INFO  [SoapUITestCaseRunner] running step [End to End Data driven with multiple test cases]
2020-07-23 20:26:36,708 INFO  [log] No of rows = 5
2020-07-23 20:26:36,708 INFO  [log] No of columns = 3
2020-07-23 20:26:36,746 INFO  [SoapUITestCaseRunner] Running SoapUI testcase [End to End Testing - Data Driven]
2020-07-23 20:26:36,746 INFO  [SoapUITestCaseRunner] running step [Properties]
2020-07-23 20:26:36,747 INFO  [SoapUITestCaseRunner] running step [Add Customer]
2020-07-23 20:26:37,531 INFO  [SoapUITestCaseRunner] Assertion [SOAP Response] has status VALID
2020-07-23 20:26:37,532 INFO  [SoapUITestCaseRunner] Assertion [XPath Match email] has status VALID
2020-07-23 20:26:37,532 INFO  [SoapUITestCaseRunner] Assertion [XPath Match name] has status VALID
2020-07-23 20:26:37,536 INFO  [SoapUITestCaseRunner] Assertion [Contains] has status VALID
2020-07-23 20:26:37,537 INFO  [SoapUITestCaseRunner] running step [Get customer id]
2020-07-23 20:26:37,540 INFO  [SoapUITestCaseRunner] running step [Get Customer list]
2020-07-23 20:26:42,592 INFO  [SoapUITestCaseRunner] Assertion [SOAP Response] has status VALID
2020-07-23 20:26:42,592 INFO  [SoapUITestCaseRunner] Assertion [Contains] has status VALID
2020-07-23 20:26:42,594 INFO  [SoapUITestCaseRunner] Assertion [Contains totalCount] has status VALID
2020-07-23 20:26:42,598 INFO  [SoapUITestCaseRunner] Assertion [XPath Match] has status VALID
2020-07-23 20:26:42,599 INFO  [SoapUITestCaseRunner] running step [GetCustomerById]
2020-07-23 20:26:43,300 INFO  [SoapUITestCaseRunner] Assertion [SOAP Response] has status VALID
2020-07-23 20:26:43,301 INFO  [SoapUITestCaseRunner] Assertion [XPath Match] has status VALID
2020-07-23 20:26:43,302 INFO  [SoapUITestCaseRunner] Assertion [XPath Match firstname] has status VALID
2020-07-23 20:26:43,307 INFO  [SoapUITestCaseRunner] running step [Delete Customer]
2020-07-23 20:26:44,251 INFO  [SoapUITestCaseRunner] Assertion [SOAP Response] has status VALID
2020-07-23 20:26:44,252 INFO  [SoapUITestCaseRunner] Assertion [XPath Match] has status VALID
2020-07-23 20:26:44,257 INFO  [SoapUITestCaseRunner] Finished running SoapUI testcase [End to End Testing - Data Driven], time taken: 7471ms, status: FINISHED
2020-07-23 20:26:44,271 INFO  [log] Number of test steps executed in TC1 = 6
2020-07-23 20:26:44,273 INFO  [SoapUITestCaseRunner] Running SoapUI testcase [End to End Testing - Data Driven]
2020-07-23 20:26:44,274 INFO  [SoapUITestCaseRunner] running step [Properties]
2020-07-23 20:26:44,274 INFO  [SoapUITestCaseRunner] running step [Add Customer]
2020-07-23 20:26:45,055 INFO  [SoapUITestCaseRunner] Assertion [SOAP Response] has status VALID
2020-07-23 20:26:45,056 INFO  [SoapUITestCaseRunner] Assertion [XPath Match email] has status VALID
2020-07-23 20:26:45,057 INFO  [SoapUITestCaseRunner] Assertion [XPath Match name] has status VALID
2020-07-23 20:26:45,058 INFO  [SoapUITestCaseRunner] Assertion [Contains] has status VALID
2020-07-23 20:26:45,060 INFO  [SoapUITestCaseRunner] running step [Get customer id]
2020-07-23 20:26:45,065 INFO  [SoapUITestCaseRunner] running step [Get Customer list]
2020-07-23 20:26:49,821 INFO  [SoapUITestCaseRunner] Assertion [SOAP Response] has status VALID
2020-07-23 20:26:49,821 INFO  [SoapUITestCaseRunner] Assertion [Contains] has status VALID
2020-07-23 20:26:49,823 INFO  [SoapUITestCaseRunner] Assertion [Contains totalCount] has status VALID
2020-07-23 20:26:49,823 INFO  [SoapUITestCaseRunner] Assertion [XPath Match] has status VALID
2020-07-23 20:26:49,828 INFO  [SoapUITestCaseRunner] running step [GetCustomerById]
2020-07-23 20:26:50,503 INFO  [SoapUITestCaseRunner] Assertion [SOAP Response] has status VALID
2020-07-23 20:26:50,504 INFO  [SoapUITestCaseRunner] Assertion [XPath Match] has status VALID
2020-07-23 20:26:50,505 INFO  [SoapUITestCaseRunner] Assertion [XPath Match firstname] has status VALID
2020-07-23 20:26:50,509 INFO  [SoapUITestCaseRunner] running step [Delete Customer]
2020-07-23 20:26:51,490 INFO  [SoapUITestCaseRunner] Assertion [SOAP Response] has status VALID
2020-07-23 20:26:51,490 INFO  [SoapUITestCaseRunner] Assertion [XPath Match] has status VALID
2020-07-23 20:26:51,492 INFO  [SoapUITestCaseRunner] Finished running SoapUI testcase [End to End Testing - Data Driven], time taken: 7190ms, status: FINISHED
2020-07-23 20:26:51,498 INFO  [log] Number of test steps executed in TC2 = 6
2020-07-23 20:26:51,509 INFO  [log] Number of Total test steps executed = 12
2020-07-23 20:26:51,511 INFO  [SoapUITestCaseRunner] Finished running SoapUI testcase [End to End Testing - Data Driven with multiple test cases], time taken: 15037ms, status: FINISHED
2020-07-23 20:26:51,518 INFO  [SoapUITestCaseRunner] Running SoapUI testcase [End to End Testing with Database]
2020-07-23 20:26:51,522 INFO  [SoapUITestCaseRunner] running step [JDBC Request]
2020-07-23 20:26:51,712 INFO  [SoapUITestCaseRunner] running step [End to End Data driven with database]
2020-07-23 20:26:51,734 INFO  [SoapUITestCaseRunner] Running SoapUI testcase [End to End Testing - Data Driven]
2020-07-23 20:26:51,736 INFO  [SoapUITestCaseRunner] running step [Properties]
2020-07-23 20:26:51,736 INFO  [SoapUITestCaseRunner] running step [Add Customer]
2020-07-23 20:26:52,539 INFO  [SoapUITestCaseRunner] Assertion [SOAP Response] has status VALID
2020-07-23 20:26:52,540 INFO  [SoapUITestCaseRunner] Assertion [XPath Match email] has status VALID
2020-07-23 20:26:52,541 INFO  [SoapUITestCaseRunner] Assertion [XPath Match name] has status VALID
2020-07-23 20:26:52,545 INFO  [SoapUITestCaseRunner] Assertion [Contains] has status VALID
2020-07-23 20:26:52,546 INFO  [SoapUITestCaseRunner] running step [Get customer id]
2020-07-23 20:26:52,548 INFO  [SoapUITestCaseRunner] running step [Get Customer list]
2020-07-23 20:26:57,212 INFO  [SoapUITestCaseRunner] Assertion [SOAP Response] has status VALID
2020-07-23 20:26:57,213 INFO  [SoapUITestCaseRunner] Assertion [Contains] has status VALID
2020-07-23 20:26:57,215 INFO  [SoapUITestCaseRunner] Assertion [Contains totalCount] has status VALID
2020-07-23 20:26:57,215 INFO  [SoapUITestCaseRunner] Assertion [XPath Match] has status VALID
2020-07-23 20:26:57,220 INFO  [SoapUITestCaseRunner] running step [GetCustomerById]
2020-07-23 20:26:57,909 INFO  [SoapUITestCaseRunner] Assertion [SOAP Response] has status VALID
2020-07-23 20:26:57,910 INFO  [SoapUITestCaseRunner] Assertion [XPath Match] has status VALID
2020-07-23 20:26:57,912 INFO  [SoapUITestCaseRunner] Assertion [XPath Match firstname] has status VALID
2020-07-23 20:26:57,913 INFO  [SoapUITestCaseRunner] running step [Delete Customer]
2020-07-23 20:26:58,975 INFO  [SoapUITestCaseRunner] Assertion [SOAP Response] has status VALID
2020-07-23 20:26:58,976 INFO  [SoapUITestCaseRunner] Assertion [XPath Match] has status VALID
2020-07-23 20:26:58,978 INFO  [SoapUITestCaseRunner] Finished running SoapUI testcase [End to End Testing - Data Driven], time taken: 7209ms, status: FINISHED
2020-07-23 20:26:58,980 INFO  [log] Number of test steps executed in TC1 = 6
2020-07-23 20:26:58,994 INFO  [SoapUITestCaseRunner] Running SoapUI testcase [End to End Testing - Data Driven]
2020-07-23 20:26:58,994 INFO  [SoapUITestCaseRunner] running step [Properties]
2020-07-23 20:26:58,995 INFO  [SoapUITestCaseRunner] running step [Add Customer]
2020-07-23 20:26:59,949 INFO  [SoapUITestCaseRunner] Assertion [SOAP Response] has status VALID
2020-07-23 20:26:59,950 INFO  [SoapUITestCaseRunner] Assertion [XPath Match email] has status VALID
2020-07-23 20:26:59,951 INFO  [SoapUITestCaseRunner] Assertion [XPath Match name] has status VALID
2020-07-23 20:26:59,956 INFO  [SoapUITestCaseRunner] Assertion [Contains] has status VALID
2020-07-23 20:26:59,961 INFO  [SoapUITestCaseRunner] running step [Get customer id]
2020-07-23 20:26:59,966 INFO  [SoapUITestCaseRunner] running step [Get Customer list]
2020-07-23 20:27:04,896 INFO  [SoapUITestCaseRunner] Assertion [SOAP Response] has status VALID
2020-07-23 20:27:04,896 INFO  [SoapUITestCaseRunner] Assertion [Contains] has status VALID
2020-07-23 20:27:04,898 INFO  [SoapUITestCaseRunner] Assertion [Contains totalCount] has status VALID
2020-07-23 20:27:04,903 INFO  [SoapUITestCaseRunner] Assertion [XPath Match] has status VALID
2020-07-23 20:27:04,903 INFO  [SoapUITestCaseRunner] running step [GetCustomerById]
2020-07-23 20:27:05,573 INFO  [SoapUITestCaseRunner] Assertion [SOAP Response] has status VALID
2020-07-23 20:27:05,574 INFO  [SoapUITestCaseRunner] Assertion [XPath Match] has status VALID
2020-07-23 20:27:05,575 INFO  [SoapUITestCaseRunner] Assertion [XPath Match firstname] has status VALID
2020-07-23 20:27:05,576 INFO  [SoapUITestCaseRunner] running step [Delete Customer]
2020-07-23 20:27:06,524 INFO  [SoapUITestCaseRunner] Assertion [SOAP Response] has status VALID
2020-07-23 20:27:06,526 INFO  [SoapUITestCaseRunner] Assertion [XPath Match] has status VALID
2020-07-23 20:27:06,528 INFO  [SoapUITestCaseRunner] Finished running SoapUI testcase [End to End Testing - Data Driven], time taken: 7492ms, status: FINISHED
2020-07-23 20:27:06,537 INFO  [log] Number of test steps executed in TC2 = 6
2020-07-23 20:27:06,538 INFO  [log] Number of Total test steps executed = 12
2020-07-23 20:27:06,539 INFO  [SoapUITestCaseRunner] Finished running SoapUI testcase [End to End Testing with Database], time taken: 15013ms, status: FINISHED
2020-07-23 20:27:06,545 INFO  [SoapUITestCaseRunner] Project [SDET API Project] finished with status [FINISHED] in 81282ms
2020-07-23 20:29:09,898 WARN  [Tools] Could not delete temporary directory C:\Users\Anoop\AppData\Local\Temp\925d2c90-660a-42cc-9ad0-647f09dfb343
2020-07-23 20:29:09,908 WARN  [Tools] Could not delete temporary directory C:\Users\Anoop\AppData\Local\Temp\2daccc01-927c-4463-9443-d88cf2a4980e
